<?xml version="1.0" encoding="UTF-8"?>
<!-- Generated by org.testng.reporters.JUnitReportReporter -->
<testsuite hostname="Locs-MacBook-Pro.local" failures="0" tests="1" name="com.bankguru99.TestCaseExample" time="0.006" errors="0" timestamp="29 Mar 2019 10:09:30 GMT" skipped="0">
  <testcase classname="com.bankguru99.TestCaseExample" name="f" time="0.006"/>
</testsuite> <!-- com.bankguru99.TestCaseExample -->
